<?xml version="1.0" encoding="UTF-8"?>
<testng-results ignored="0" total="1" passed="1" failed="0" skipped="0">
  <reporter-output>
  </reporter-output>
  <suite started-at="2022-10-14T12:02:13 IST" name="Default suite" finished-at="2022-10-14T12:03:28 IST" duration-ms="74326">
    <groups>
    </groups>
    <test started-at="2022-10-14T12:02:13 IST" name="Default test" finished-at="2022-10-14T12:03:28 IST" duration-ms="74326">
      <class name="com.eCommerce.LiveProject.EmailUtil.TestCase10">
        <test-method is-config="true" signature="setUp()[pri:0, instance:com.eCommerce.LiveProject.EmailUtil.TestCase10@6c1a5b54]" started-at="2022-10-14T12:02:13 IST" name="setUp" finished-at="2022-10-14T12:02:18 IST" duration-ms="4987" status="PASS">
          <reporter-output>
          </reporter-output>
        </test-method> <!-- setUp -->
        <test-method signature="testTestCase10()[pri:0, instance:com.eCommerce.LiveProject.EmailUtil.TestCase10@6c1a5b54]" started-at="2022-10-14T12:02:18 IST" name="testTestCase10" finished-at="2022-10-14T12:03:21 IST" duration-ms="62473" status="PASS">
          <reporter-output>
          </reporter-output>
        </test-method> <!-- testTestCase10 -->
        <test-method is-config="true" signature="tearDown()[pri:0, instance:com.eCommerce.LiveProject.EmailUtil.TestCase10@6c1a5b54]" started-at="2022-10-14T12:03:21 IST" name="tearDown" finished-at="2022-10-14T12:03:28 IST" duration-ms="6647" status="PASS">
          <reporter-output>
          </reporter-output>
        </test-method> <!-- tearDown -->
      </class> <!-- com.eCommerce.LiveProject.EmailUtil.TestCase10 -->
    </test> <!-- Default test -->
  </suite> <!-- Default suite -->
</testng-results>
